<?xml version="1.0" encoding="utf-8"?><testsuites><testsuite name="pytest" errors="0" failures="0" skipped="0" tests="12" time="1.271" timestamp="2025-12-20T11:37:44.894660" hostname="Mertdoganay48"><testcase classname="test_assets" name="test_asset_management" time="0.041" /><testcase classname="test_validation_workflow" name="test_single_validation" time="0.007" /><testcase classname="test_validation_workflow" name="test_batch_validation" time="0.003" /><testcase classname="test_validation_workflow" name="test_save_and_retrieve" time="0.037" /><testcase classname="test_validation_workflow" name="test_error_handling" time="0.003" /><testcase classname="test_validation_workflow" name="test_if_loop_patterns" time="0.003" /><testcase classname="Test.test_verify_workflow" name="test_run_single_valid_email" time="0.002" /><testcase classname="Test.test_verify_workflow" name="test_run_single_invalid_email" time="0.002" /><testcase classname="Test.test_verify_workflow" name="test_run_quick_checks_summary" time="0.002" /><testcase classname="Test.test_verify_workflow_batch" name="test_batch_file_writes_output" time="0.010" /><testcase classname="Test.test_verify_workflow_junit" name="test_junit_output_for_all" time="0.007" /><testcase classname="Test.test_verify_workflow_junit" name="test_junit_output_for_single_failure" time="0.007" /></testsuite></testsuites>